app/build/outputs/logs/manifest-merger-debug-report.txt
-- Merging decision tree log ---
manifest
ADDED from src\main\AndroidManifest.xml:2:1-49:12
	package
		ADDED from src\main\AndroidManifest.xml:3:5-36
		INJECTED from src\main\AndroidManifest.xml
		INJECTED from src\main\AndroidManifest.xml
	android:versionName
		ADDED from src\main\AndroidManifest.xml:5:5-30
		INJECTED from src\main\AndroidManifest.xml
		INJECTED from src\main\AndroidManifest.xml
	android:versionCode
		ADDED from src\main\AndroidManifest.xml:4:5-28
		INJECTED from src\main\AndroidManifest.xml
		INJECTED from src\main\AndroidManifest.xml
	xmlns:android
		ADDED from src\main\AndroidManifest.xml:2:11-69
uses-sdk
ADDED from src\main\AndroidManifest.xml:7:5-43
	android:targetSdkVersion
		INJECTED from src\main\AndroidManifest.xml
		INJECTED from src\main\AndroidManifest.xml
	android:minSdkVersion
		ADDED from src\main\AndroidManifest.xml:7:15-40
		INJECTED from src\main\AndroidManifest.xml
		INJECTED from src\main\AndroidManifest.xml
uses-permission#android.permission.INTERNET
ADDED from src\main\AndroidManifest.xml:8:5-66
	android:name
		ADDED from src\main\AndroidManifest.xml:8:22-64
uses-permission#android.permission.READ_PHONE_STATE
ADDED from src\main\AndroidManifest.xml:9:2-71
	android:name
		ADDED from src\main\AndroidManifest.xml:9:19-69
uses-permission#android.permission.ACCESS_NETWORK_STATE
ADDED from src\main\AndroidManifest.xml:10:2-75
	android:name
		ADDED from src\main\AndroidManifest.xml:10:19-73
uses-permission#android.permission.ACCESS_WIFI_STATE
ADDED from src\main\AndroidManifest.xml:11:2-72
	android:name
		ADDED from src\main\AndroidManifest.xml:11:19-70
uses-permission#android.permission.WRITE_EXTERNAL_STORAGE
ADDED from src\main\AndroidManifest.xml:12:2-77
	android:name
		ADDED from src\main\AndroidManifest.xml:12:19-75
uses-permission#android.permission.READ_EXTERNAL_STORAGE
ADDED from src\main\AndroidManifest.xml:13:2-76
	android:name
		ADDED from src\main\AndroidManifest.xml:13:19-74
uses-permission#android.permission.ACCESS_FINE_LOCATION
ADDED from src\main\AndroidManifest.xml:14:2-75
	android:name
		ADDED from src\main\AndroidManifest.xml:14:19-73
uses-permission#android.permission.GET_TASKS
ADDED from src\main\AndroidManifest.xml:15:2-64
	android:name
		ADDED from src\main\AndroidManifest.xml:15:19-62
uses-permission#android.permission.WAKE_LOCK
ADDED from src\main\AndroidManifest.xml:16:2-64
	android:name
		ADDED from src\main\AndroidManifest.xml:16:19-62
uses-permission#android.permission.SYSTEM_ALERT_WINDOW
ADDED from src\main\AndroidManifest.xml:17:5-78
	android:name
		ADDED from src\main\AndroidManifest.xml:17:22-75
application
ADDED from src\main\AndroidManifest.xml:18:5-47:19
	android:label
		ADDED from src\main\AndroidManifest.xml:20:9-41
	android:icon
		ADDED from src\main\AndroidManifest.xml:19:9-38
activity#com.nian.preferential.MissPreferentialActivity
ADDED from src\main\AndroidManifest.xml:21:9-31:20
	android:screenOrientation
		ADDED from src\main\AndroidManifest.xml:24:13-49
	android:label
		ADDED from src\main\AndroidManifest.xml:22:13-45
	android:name
		ADDED from src\main\AndroidManifest.xml:23:13-53
intent-filter#android.intent.action.MAIN+android.intent.category.LAUNCHER
ADDED from src\main\AndroidManifest.xml:26:13-30:29
action#android.intent.action.MAIN
ADDED from src\main\AndroidManifest.xml:27:17-69
	android:name
		ADDED from src\main\AndroidManifest.xml:27:25-66
category#android.intent.category.LAUNCHER
ADDED from src\main\AndroidManifest.xml:29:17-77
	android:name
		ADDED from src\main\AndroidManifest.xml:29:27-74
activity#com.nian.preferential.ui.TabShow
ADDED from src\main\AndroidManifest.xml:32:9-33:62
	android:screenOrientation
		ADDED from src\main\AndroidManifest.xml:33:14-50
	android:name
		ADDED from src\main\AndroidManifest.xml:32:19-45
activity#com.nian.preferential.HomeActivity
ADDED from src\main\AndroidManifest.xml:34:9-49
	android:name
		ADDED from src\main\AndroidManifest.xml:34:19-47
activity#com.nian.preferential.NearByAcitivity
ADDED from src\main\AndroidManifest.xml:35:9-52
	android:name
		ADDED from src\main\AndroidManifest.xml:35:19-50
activity#com.nian.preferential.SortActivity
ADDED from src\main\AndroidManifest.xml:36:9-49
	android:name
		ADDED from src\main\AndroidManifest.xml:36:19-47
activity#com.nian.preferential.MoreActivity
ADDED from src\main\AndroidManifest.xml:37:9-49
	android:name
		ADDED from src\main\AndroidManifest.xml:37:19-47
activity#com.nian.preferential.smenu.ChooseCity
ADDED from src\main\AndroidManifest.xml:38:9-53
	android:name
		ADDED from src\main\AndroidManifest.xml:38:19-51
activity#com.nian.preferential.smenu.TwoDimensionalCode
ADDED from src\main\AndroidManifest.xml:39:9-61
	android:name
		ADDED from src\main\AndroidManifest.xml:39:19-59
activity#com.nian.preferential.smenu.BusinessInformation
ADDED from src\main\AndroidManifest.xml:40:9-62
	android:name
		ADDED from src\main\AndroidManifest.xml:40:19-60
activity#com.nian.preferential.smenu.ChooseMer
ADDED from src\main\AndroidManifest.xml:41:9-52
	android:name
		ADDED from src\main\AndroidManifest.xml:41:19-50
service#com.zdp.aseo.content.AseoZdpUpdateService
ADDED from src\main\AndroidManifest.xml:42:9-77
	android:name
		ADDED from src\main\AndroidManifest.xml:42:18-74
service#com.iflytek.voiceads.update.DownloadService
ADDED from src\main\AndroidManifest.xml:43:9-78
	android:name
		ADDED from src\main\AndroidManifest.xml:43:18-76
activity#com.iflytek.voiceads.request.IFLYBrowser
ADDED from src\main\AndroidManifest.xml:44:3-45:52
	android:screenOrientation
		ADDED from src\main\AndroidManifest.xml:45:13-49
	android:name
		ADDED from src\main\AndroidManifest.xml:44:13-68
meta-data#IFLYTEK_APPKEY_AD
ADDED from src\main\AndroidManifest.xml:46:9-80
	android:value
		ADDED from src\main\AndroidManifest.xml:46:54-78
	android:name
		ADDED from src\main\AndroidManifest.xml:46:21-53